start time:
2016-08-25-02-44-10
training:
Iter:5120 Minibatch Loss=0.59649 Train Accuracy=0.77344 training time=1.119
Iter:10240 Minibatch Loss=0.46357 Train Accuracy=0.80078 training time=0.544
Iter:15360 Minibatch Loss=0.37296 Train Accuracy=0.87500 training time=0.750
Iter:20480 Minibatch Loss=0.41465 Train Accuracy=0.85938 training time=0.893
Iter:25600 Minibatch Loss=0.39620 Train Accuracy=0.84766 training time=0.714
Iter:30720 Minibatch Loss=0.34942 Train Accuracy=0.87500 training time=1.048
Iter:35840 Minibatch Loss=0.36386 Train Accuracy=0.86719 training time=1.062
Iter:40960 Minibatch Loss=0.31601 Train Accuracy=0.85547 training time=1.162
Iter:46080 Minibatch Loss=0.30057 Train Accuracy=0.88281 training time=1.071
Iter:51200 Minibatch Loss=0.33048 Train Accuracy=0.86328 training time=1.072
Iter:56320 Minibatch Loss=0.20044 Train Accuracy=0.93359 training time=1.160
Iter:61440 Minibatch Loss=0.26527 Train Accuracy=0.88672 training time=0.818
Iter:66560 Minibatch Loss=0.22426 Train Accuracy=0.91797 training time=1.123
Iter:71680 Minibatch Loss=0.37884 Train Accuracy=0.85938 training time=0.771
Iter:76800 Minibatch Loss=0.27068 Train Accuracy=0.88281 training time=1.062
Iter:81920 Minibatch Loss=0.20930 Train Accuracy=0.93359 training time=1.028
Iter:87040 Minibatch Loss=0.25602 Train Accuracy=0.91016 training time=0.929
Iter:92160 Minibatch Loss=0.22649 Train Accuracy=0.91406 training time=0.979
Iter:97280 Minibatch Loss=0.19951 Train Accuracy=0.93750 training time=0.944
Iter:102400 Minibatch Loss=0.19650 Train Accuracy=0.92188 training time=0.825
Iter:107520 Minibatch Loss=0.21241 Train Accuracy=0.92188 training time=0.767
Iter:112640 Minibatch Loss=0.20497 Train Accuracy=0.90625 training time=0.937
Iter:117760 Minibatch Loss=0.18190 Train Accuracy=0.92578 training time=0.801
Iter:122880 Minibatch Loss=0.20729 Train Accuracy=0.92578 training time=1.033
Iter:128000 Minibatch Loss=0.22195 Train Accuracy=0.91016 training time=0.987
Iter:133120 Minibatch Loss=0.15841 Train Accuracy=0.94531 training time=0.880
Iter:138240 Minibatch Loss=0.14047 Train Accuracy=0.96094 training time=1.133
Iter:143360 Minibatch Loss=0.16151 Train Accuracy=0.94141 training time=1.036
Iter:148480 Minibatch Loss=0.13148 Train Accuracy=0.96484 training time=0.548
Iter:153600 Minibatch Loss=0.17958 Train Accuracy=0.92969 training time=1.008
Iter:158720 Minibatch Loss=0.13012 Train Accuracy=0.96484 training time=1.306
Iter:163840 Minibatch Loss=0.15238 Train Accuracy=0.94922 training time=1.416
Iter:168960 Minibatch Loss=0.18403 Train Accuracy=0.93750 training time=1.360
Iter:174080 Minibatch Loss=0.11634 Train Accuracy=0.96094 training time=1.044
Iter:179200 Minibatch Loss=0.10421 Train Accuracy=0.97656 training time=1.023
Iter:184320 Minibatch Loss=0.11174 Train Accuracy=0.95312 training time=1.065
Iter:189440 Minibatch Loss=0.13104 Train Accuracy=0.96094 training time=1.099
Iter:194560 Minibatch Loss=0.12451 Train Accuracy=0.94922 training time=1.019
Iter:199680 Minibatch Loss=0.08776 Train Accuracy=0.98438 training time=0.602
end training:
current time:2016-08-25-02-59-30
start testing:
end testing:
Testing Accuracy:0.952350, total times:307.798650, avg time:0.022122
current time:2016-08-25-03-04-38
